<?xml version="1.0" encoding="UTF-8"?>
<beans xmlns="http://www.springframework.org/schema/beans"
       xmlns:xsi="http://www.w3.org/2001/XMLSchema-instance"
       xsi:schemaLocation="http://www.springframework.org/schema/beans http://www.springframework.org/schema/beans/spring-beans.xsd">
    <bean id="CompassAlternative" class="maze.utils.CompassAlternative" />
    <bean id="Maze" class="maze.model.Maze" />
    <bean id="MazeStats" class="maze.utils.MazeStats" />
</beans>
